02/04/2023 02:00:24 AM 
                You need to set your Spotify API credentials.
                You can do this by setting environment variables like so:

                export SPOTIPY_CLIENT_ID='your-spotify-client-id'
                export SPOTIPY_CLIENT_SECRET='your-spotify-client-secret'
                export SPOTIPY_REDIRECT_URI='your-app-redirect-url'

                Get your credentials at
                    https://developer.spotify.com/my-applications
            
02/04/2023 02:00:25 AM 
                You need to set your Spotify API credentials.
                You can do this by setting environment variables like so:

                export SPOTIPY_CLIENT_ID='your-spotify-client-id'
                export SPOTIPY_CLIENT_SECRET='your-spotify-client-secret'
                export SPOTIPY_REDIRECT_URI='your-app-redirect-url'

                Get your credentials at
                    https://developer.spotify.com/my-applications
            
02/04/2023 02:00:26 AM 
                You need to set your Spotify API credentials.
                You can do this by setting environment variables like so:

                export SPOTIPY_CLIENT_ID='your-spotify-client-id'
                export SPOTIPY_CLIENT_SECRET='your-spotify-client-secret'
                export SPOTIPY_REDIRECT_URI='your-app-redirect-url'

                Get your credentials at
                    https://developer.spotify.com/my-applications
            
02/04/2023 02:00:27 AM 
                You need to set your Spotify API credentials.
                You can do this by setting environment variables like so:

                export SPOTIPY_CLIENT_ID='your-spotify-client-id'
                export SPOTIPY_CLIENT_SECRET='your-spotify-client-secret'
                export SPOTIPY_REDIRECT_URI='your-app-redirect-url'

                Get your credentials at
                    https://developer.spotify.com/my-applications
            
02/04/2023 02:00:28 AM 
                You need to set your Spotify API credentials.
                You can do this by setting environment variables like so:

                export SPOTIPY_CLIENT_ID='your-spotify-client-id'
                export SPOTIPY_CLIENT_SECRET='your-spotify-client-secret'
                export SPOTIPY_REDIRECT_URI='your-app-redirect-url'

                Get your credentials at
                    https://developer.spotify.com/my-applications
            
02/04/2023 02:00:29 AM 
                You need to set your Spotify API credentials.
                You can do this by setting environment variables like so:

                export SPOTIPY_CLIENT_ID='your-spotify-client-id'
                export SPOTIPY_CLIENT_SECRET='your-spotify-client-secret'
                export SPOTIPY_REDIRECT_URI='your-app-redirect-url'

                Get your credentials at
                    https://developer.spotify.com/my-applications
            
02/04/2023 02:00:30 AM 
                You need to set your Spotify API credentials.
                You can do this by setting environment variables like so:

                export SPOTIPY_CLIENT_ID='your-spotify-client-id'
                export SPOTIPY_CLIENT_SECRET='your-spotify-client-secret'
                export SPOTIPY_REDIRECT_URI='your-app-redirect-url'

                Get your credentials at
                    https://developer.spotify.com/my-applications
            
02/04/2023 02:00:31 AM 
                You need to set your Spotify API credentials.
                You can do this by setting environment variables like so:

                export SPOTIPY_CLIENT_ID='your-spotify-client-id'
                export SPOTIPY_CLIENT_SECRET='your-spotify-client-secret'
                export SPOTIPY_REDIRECT_URI='your-app-redirect-url'

                Get your credentials at
                    https://developer.spotify.com/my-applications
            
02/04/2023 02:00:32 AM 
                You need to set your Spotify API credentials.
                You can do this by setting environment variables like so:

                export SPOTIPY_CLIENT_ID='your-spotify-client-id'
                export SPOTIPY_CLIENT_SECRET='your-spotify-client-secret'
                export SPOTIPY_REDIRECT_URI='your-app-redirect-url'

                Get your credentials at
                    https://developer.spotify.com/my-applications
            
02/04/2023 02:00:34 AM 
                You need to set your Spotify API credentials.
                You can do this by setting environment variables like so:

                export SPOTIPY_CLIENT_ID='your-spotify-client-id'
                export SPOTIPY_CLIENT_SECRET='your-spotify-client-secret'
                export SPOTIPY_REDIRECT_URI='your-app-redirect-url'

                Get your credentials at
                    https://developer.spotify.com/my-applications
            
02/04/2023 02:00:35 AM 
                You need to set your Spotify API credentials.
                You can do this by setting environment variables like so:

                export SPOTIPY_CLIENT_ID='your-spotify-client-id'
                export SPOTIPY_CLIENT_SECRET='your-spotify-client-secret'
                export SPOTIPY_REDIRECT_URI='your-app-redirect-url'

                Get your credentials at
                    https://developer.spotify.com/my-applications
            
02/04/2023 02:00:36 AM 
                You need to set your Spotify API credentials.
                You can do this by setting environment variables like so:

                export SPOTIPY_CLIENT_ID='your-spotify-client-id'
                export SPOTIPY_CLIENT_SECRET='your-spotify-client-secret'
                export SPOTIPY_REDIRECT_URI='your-app-redirect-url'

                Get your credentials at
                    https://developer.spotify.com/my-applications
            
02/04/2023 02:00:37 AM 
                You need to set your Spotify API credentials.
                You can do this by setting environment variables like so:

                export SPOTIPY_CLIENT_ID='your-spotify-client-id'
                export SPOTIPY_CLIENT_SECRET='your-spotify-client-secret'
                export SPOTIPY_REDIRECT_URI='your-app-redirect-url'

                Get your credentials at
                    https://developer.spotify.com/my-applications
            
02/04/2023 02:00:38 AM 
                You need to set your Spotify API credentials.
                You can do this by setting environment variables like so:

                export SPOTIPY_CLIENT_ID='your-spotify-client-id'
                export SPOTIPY_CLIENT_SECRET='your-spotify-client-secret'
                export SPOTIPY_REDIRECT_URI='your-app-redirect-url'

                Get your credentials at
                    https://developer.spotify.com/my-applications
            
02/04/2023 02:00:39 AM 
                You need to set your Spotify API credentials.
                You can do this by setting environment variables like so:

                export SPOTIPY_CLIENT_ID='your-spotify-client-id'
                export SPOTIPY_CLIENT_SECRET='your-spotify-client-secret'
                export SPOTIPY_REDIRECT_URI='your-app-redirect-url'

                Get your credentials at
                    https://developer.spotify.com/my-applications
            
02/04/2023 02:00:40 AM 
                You need to set your Spotify API credentials.
                You can do this by setting environment variables like so:

                export SPOTIPY_CLIENT_ID='your-spotify-client-id'
                export SPOTIPY_CLIENT_SECRET='your-spotify-client-secret'
                export SPOTIPY_REDIRECT_URI='your-app-redirect-url'

                Get your credentials at
                    https://developer.spotify.com/my-applications
            
02/04/2023 02:04:46 AM 
                You need to set your Spotify API credentials.
                You can do this by setting environment variables like so:

                export SPOTIPY_CLIENT_ID='your-spotify-client-id'
                export SPOTIPY_CLIENT_SECRET='your-spotify-client-secret'
                export SPOTIPY_REDIRECT_URI='your-app-redirect-url'

                Get your credentials at
                    https://developer.spotify.com/my-applications
            
02/04/2023 02:04:47 AM 
                You need to set your Spotify API credentials.
                You can do this by setting environment variables like so:

                export SPOTIPY_CLIENT_ID='your-spotify-client-id'
                export SPOTIPY_CLIENT_SECRET='your-spotify-client-secret'
                export SPOTIPY_REDIRECT_URI='your-app-redirect-url'

                Get your credentials at
                    https://developer.spotify.com/my-applications
            
02/04/2023 02:04:48 AM 
                You need to set your Spotify API credentials.
                You can do this by setting environment variables like so:

                export SPOTIPY_CLIENT_ID='your-spotify-client-id'
                export SPOTIPY_CLIENT_SECRET='your-spotify-client-secret'
                export SPOTIPY_REDIRECT_URI='your-app-redirect-url'

                Get your credentials at
                    https://developer.spotify.com/my-applications
            
02/04/2023 02:04:49 AM 
                You need to set your Spotify API credentials.
                You can do this by setting environment variables like so:

                export SPOTIPY_CLIENT_ID='your-spotify-client-id'
                export SPOTIPY_CLIENT_SECRET='your-spotify-client-secret'
                export SPOTIPY_REDIRECT_URI='your-app-redirect-url'

                Get your credentials at
                    https://developer.spotify.com/my-applications
            
02/04/2023 02:04:50 AM 
                You need to set your Spotify API credentials.
                You can do this by setting environment variables like so:

                export SPOTIPY_CLIENT_ID='your-spotify-client-id'
                export SPOTIPY_CLIENT_SECRET='your-spotify-client-secret'
                export SPOTIPY_REDIRECT_URI='your-app-redirect-url'

                Get your credentials at
                    https://developer.spotify.com/my-applications
            
02/04/2023 02:04:51 AM 
                You need to set your Spotify API credentials.
                You can do this by setting environment variables like so:

                export SPOTIPY_CLIENT_ID='your-spotify-client-id'
                export SPOTIPY_CLIENT_SECRET='your-spotify-client-secret'
                export SPOTIPY_REDIRECT_URI='your-app-redirect-url'

                Get your credentials at
                    https://developer.spotify.com/my-applications
            
